Determining if the pthread_create exist failed with the following output:
Change Dir: /home/victor/serial-port/5_Qt_integration/build/CMakeFiles/CMakeTmp

Run Build Command:"/usr/bin/make" "cmTC_1423d/fast"
/usr/bin/make -f CMakeFiles/cmTC_1423d.dir/build.make CMakeFiles/cmTC_1423d.dir/build
make[1]: Entering directory '/home/victor/serial-port/5_Qt_integration/build/CMakeFiles/CMakeTmp'
Building C object CMakeFiles/cmTC_1423d.dir/CheckSymbolExists.c.o
/usr/bin/cc    -o CMakeFiles/cmTC_1423d.dir/CheckSymbolExists.c.o   -c /home/victor/serial-port/5_Qt_integration/build/CMakeFiles/CMakeTmp/CheckSymbolExists.c
Linking C executable cmTC_1423d
/usr/bin/cmake -E cmake_link_script CMakeFiles/cmTC_1423d.dir/link.txt --verbose=1
/usr/bin/cc      -rdynamic CMakeFiles/cmTC_1423d.dir/CheckSymbolExists.c.o  -o cmTC_1423d 
CMakeFiles/cmTC_1423d.dir/CheckSymbolExists.c.o: In function `main':
CheckSymbolExists.c:(.text+0x1b): undefined reference to `pthread_create'
collect2: error: ld returned 1 exit status
CMakeFiles/cmTC_1423d.dir/build.make:97: recipe for target 'cmTC_1423d' failed
make[1]: *** [cmTC_1423d] Error 1
make[1]: Leaving directory '/home/victor/serial-port/5_Qt_integration/build/CMakeFiles/CMakeTmp'
Makefile:126: recipe for target 'cmTC_1423d/fast' failed
make: *** [cmTC_1423d/fast] Error 2

File /home/victor/serial-port/5_Qt_integration/build/CMakeFiles/CMakeTmp/CheckSymbolExists.c:
/* */
#include <pthread.h>

int main(int argc, char** argv)
{
  (void)argv;
#ifndef pthread_create
  return ((int*)(&pthread_create))[argc];
#else
  (void)argc;
  return 0;
#endif
}

Determining if the function pthread_create exists in the pthreads failed with the following output:
Change Dir: /home/victor/serial-port/5_Qt_integration/build/CMakeFiles/CMakeTmp

Run Build Command:"/usr/bin/make" "cmTC_74f80/fast"
/usr/bin/make -f CMakeFiles/cmTC_74f80.dir/build.make CMakeFiles/cmTC_74f80.dir/build
make[1]: Entering directory '/home/victor/serial-port/5_Qt_integration/build/CMakeFiles/CMakeTmp'
Building C object CMakeFiles/cmTC_74f80.dir/CheckFunctionExists.c.o
/usr/bin/cc   -DCHECK_FUNCTION_EXISTS=pthread_create   -o CMakeFiles/cmTC_74f80.dir/CheckFunctionExists.c.o   -c /usr/share/cmake-3.10/Modules/CheckFunctionExists.c
Linking C executable cmTC_74f80
/usr/bin/cmake -E cmake_link_script CMakeFiles/cmTC_74f80.dir/link.txt --verbose=1
/usr/bin/cc  -DCHECK_FUNCTION_EXISTS=pthread_create    -rdynamic CMakeFiles/cmTC_74f80.dir/CheckFunctionExists.c.o  -o cmTC_74f80 -lpthreads 
/usr/bin/ld: cannot find -lpthreads
collect2: error: ld returned 1 exit status
CMakeFiles/cmTC_74f80.dir/build.make:97: recipe for target 'cmTC_74f80' failed
make[1]: *** [cmTC_74f80] Error 1
make[1]: Leaving directory '/home/victor/serial-port/5_Qt_integration/build/CMakeFiles/CMakeTmp'
Makefile:126: recipe for target 'cmTC_74f80/fast' failed
make: *** [cmTC_74f80/fast] Error 2


